::1 2023/10/7 GET /projects/upload 304"
::1 2023/10/7 GET /styles.scripts/button.css 304"
::1 2023/10/7 GET /header 304"
::1 2023/10/7 POST /upload 302"
::1 2023/10/7 GET /media 301"
::1 2023/10/7 GET /media/ 200"
::1 2023/10/7 GET /styles.scripts/media.css 304"
::1 2023/10/7 GET /thumbnails/goku%20says%20____.mp4.png 304"
::1 2023/10/7 GET /thumbnails/charm.mp4.png 304"
::1 2023/10/7 GET /thumbnails/adhil.mp4.png 304"
::1 2023/10/7 GET /thumbnails/hang%20that%20____.mp4.png 304"
::1 2023/10/7 GET /thumbnails/i-wont-come-back.mp4.png 304"
::1 2023/10/7 GET /thumbnails/what.mp4.png 304"
::1 2023/10/7 GET /header 304"
::1 2023/10/7 GET /media/desktop-wallpaper-gojo-satoru-action-figure-art.jpg 304"
::1 2023/10/7 GET /media/image_2023-09-09_140706988.png 304"
::1 2023/10/7 GET /media/mcmc.png 304"
::1 2023/10/7 GET /media/ronaldo&messi.jpg 304"
::1 2023/10/7 GET /media/messi&ronaldo.jpg 304"
::1 2023/10/7 GET /media/tae.jpg 304"
::1 2023/10/7 GET /media/pfp.jpg 304"
::1 2023/10/7 GET /media/ronaldo&messi.png 304"
::1 2023/10/7 GET /media/ 200"
::1 2023/10/7 GET /styles.scripts/media.css 304"
::1 2023/10/7 GET /thumbnails/adhil.mp4.png 304"
::1 2023/10/7 GET /thumbnails/charm.mp4.png 304"
::1 2023/10/7 GET /thumbnails/goku%20says%20____.mp4.png 304"
::1 2023/10/7 GET /thumbnails/hang%20that%20____.mp4.png 304"
::1 2023/10/7 GET /thumbnails/i-wont-come-back.mp4.png 304"
::1 2023/10/7 GET /thumbnails/what.mp4.png 304"
::1 2023/10/7 GET /thumbnails/Cr7%20vs%20Goat.mp4.png 200"
::1 2023/10/7 GET /media/desktop-wallpaper-gojo-satoru-action-figure-art.jpg 304"
::1 2023/10/7 GET /media/image_2023-09-09_140706988.png 304"
::1 2023/10/7 GET /media/mcmc.png 304"
::1 2023/10/7 GET /header 304"
::1 2023/10/7 GET /media/messi&ronaldo.jpg 304"
::1 2023/10/7 GET /media/pfp.jpg 304"
::1 2023/10/7 GET /media/ronaldo&messi.jpg 304"
::1 2023/10/7 GET /media/ronaldo&messi.png 304"
::1 2023/10/7 GET /media/tae.jpg 304"
::1 2023/10/7 GET /media_player?v=Cr7%20vs%20Goat.mp4 200"
::1 2023/10/7 GET /styles.scripts/player.css 304"
::1 2023/10/7 GET /header 304"
::1 2023/10/7 GET /media/Cr7%20vs%20Goat.mp4 206"
::1 2023/10/7 GET /media/Cr7%20vs%20Goat.mp4 206"
::1 2023/10/7 GET /media/Cr7%20vs%20Goat.mp4 206"
::1 2023/10/7 GET /media/Cr7%20vs%20Goat.mp4 206"
::1 2023/10/7 GET /media/Cr7%20vs%20Goat.mp4 206"
::1 2023/10/7 GET /media/Cr7%20vs%20Goat.mp4 206"
::1 2023/10/7 GET /media/Cr7%20vs%20Goat.mp4 206"
::1 2023/10/7 GET /media/Cr7%20vs%20Goat.mp4 206"
::1 2023/10/7 GET /media/Cr7%20vs%20Goat.mp4 206"
::1 2023/10/7 GET /media/Cr7%20vs%20Goat.mp4 206"
::1 2023/10/7 GET /media/Cr7%20vs%20Goat.mp4 206"
::1 2023/10/7 GET /media/Cr7%20vs%20Goat.mp4 206"
::1 2023/10/7 GET /media/Cr7%20vs%20Goat.mp4 206"
::1 2023/10/7 GET /media/Cr7%20vs%20Goat.mp4 206"
::1 2023/10/7 GET /media/Cr7%20vs%20Goat.mp4 206"
::1 2023/10/7 GET /media/Cr7%20vs%20Goat.mp4 206"
::1 2023/10/7 GET /media/Cr7%20vs%20Goat.mp4 206"
::1 2023/10/7 GET /media/Cr7%20vs%20Goat.mp4 206"
::1 2023/10/7 GET /media/Cr7%20vs%20Goat.mp4 206"
::1 2023/10/7 GET /media/Cr7%20vs%20Goat.mp4 206"
::1 2023/10/7 GET /media/Cr7%20vs%20Goat.mp4 206"
::1 2023/10/7 GET /media/Cr7%20vs%20Goat.mp4 206"
::1 2023/10/7 GET /media/Cr7%20vs%20Goat.mp4 206"
::1 2023/10/7 GET /media/Cr7%20vs%20Goat.mp4 206"
::1 2023/10/7 GET /media/Cr7%20vs%20Goat.mp4 206"
::1 2023/10/7 GET /media/Cr7%20vs%20Goat.mp4 206"
::1 2023/10/7 GET /media/Cr7%20vs%20Goat.mp4 206"
::1 2023/10/7 GET /media/Cr7%20vs%20Goat.mp4 206"
::1 2023/10/7 GET /media/Cr7%20vs%20Goat.mp4 206"
::1 2023/10/7 GET /media/Cr7%20vs%20Goat.mp4 206"
::1 2023/10/7 GET /media/Cr7%20vs%20Goat.mp4 206"
::1 2023/10/7 GET /media/Cr7%20vs%20Goat.mp4 206"
::1 2023/10/7 GET /media/Cr7%20vs%20Goat.mp4 206"
::1 2023/10/7 GET /media/Cr7%20vs%20Goat.mp4 206"
::1 2023/10/7 GET /media/Cr7%20vs%20Goat.mp4 206"
::1 2023/10/7 GET /media/Cr7%20vs%20Goat.mp4 206"
::1 2023/10/7 GET /media/Cr7%20vs%20Goat.mp4 206"
::1 2023/10/7 GET /media/Cr7%20vs%20Goat.mp4 206"
::1 2023/10/7 GET /media/Cr7%20vs%20Goat.mp4 206"
::1 2023/10/7 GET /media/Cr7%20vs%20Goat.mp4 206"
::1 2023/10/7 GET /media/Cr7%20vs%20Goat.mp4 206"
::1 2023/10/7 GET /media/Cr7%20vs%20Goat.mp4 206"
::1 2023/10/7 GET /media/Cr7%20vs%20Goat.mp4 206"
::1 2023/10/7 GET /media/Cr7%20vs%20Goat.mp4 206"
::1 2023/10/7 GET /media/Cr7%20vs%20Goat.mp4 206"
::1 2023/10/7 GET /media/Cr7%20vs%20Goat.mp4 206"
::1 2023/10/7 GET /media/Cr7%20vs%20Goat.mp4 206"
::1 2023/10/7 GET /media/Cr7%20vs%20Goat.mp4 206"
::1 2023/10/7 GET /media/Cr7%20vs%20Goat.mp4 206"
::1 2023/10/7 GET /media/Cr7%20vs%20Goat.mp4 206"
::1 2023/10/7 GET /media/Cr7%20vs%20Goat.mp4 206"
::1 2023/10/7 GET /media/Cr7%20vs%20Goat.mp4 206"
::1 2023/10/7 GET /styles.scripts/player.css 304"
::1 2023/10/7 GET /media_player?v=Cr7%20vs%20Goat.mp4 200"
::1 2023/10/7 GET /styles.scripts/player.css 200"
::1 2023/10/7 GET /media/Cr7%20vs%20Goat.mp4 206"
::1 2023/10/7 GET /header 304"
::1 2023/10/7 GET /media/Cr7%20vs%20Goat.mp4 304"
::1 2023/10/7 GET /media/Cr7%20vs%20Goat.mp4 304"
::1 2023/10/7 GET /media/Cr7%20vs%20Goat.mp4 206"
::1 2023/10/7 GET /media_player?v=Cr7%20vs%20Goat.mp4 200"
::1 2023/10/7 GET /media/Cr7%20vs%20Goat.mp4 206"
::1 2023/10/7 GET /styles.scripts/player.css 200"
::1 2023/10/7 GET /header 304"
::1 2023/10/7 GET /media_player?v=Cr7%20vs%20Goat.mp4 200"
::1 2023/10/7 GET /styles.scripts/player.css 200"
::1 2023/10/7 GET /header 304"
::1 2023/10/7 GET /media_player?v=Cr7%20vs%20Goat.mp4 200"
::1 2023/10/7 GET /styles.scripts/player.css 200"
::1 2023/10/7 GET /header 304"
::1 2023/10/7 GET /media_player?v=Cr7%20vs%20Goat.mp4 200"
::1 2023/10/7 GET /styles.scripts/player.css 200"
::1 2023/10/7 GET /header 304"
::1 2023/10/7 GET /media_player?v=Cr7%20vs%20Goat.mp4 200"
::1 2023/10/7 GET /styles.scripts/player.css 200"
::1 2023/10/7 GET /header 304"
::1 2023/10/7 GET /media/Cr7%20vs%20Goat.mp4 304"
::1 2023/10/7 GET /media_player?v=Cr7%20vs%20Goat.mp4 200"
::1 2023/10/7 GET /media/Cr7%20vs%20Goat.mp4 206"
::1 2023/10/7 GET /styles.scripts/player.css 304"
::1 2023/10/7 GET /header 304"
::1 2023/10/7 GET /styles.scripts/player.css 304"
::1 2023/10/7 GET /media/Cr7%20vs%20Goat.mp4 304"
::1 2023/10/7 GET /header 304"
::1 2023/10/7 GET /media/Cr7%20vs%20Goat.mp4 206"
::1 2023/10/7 GET /media/Cr7%20vs%20Goat.mp4 304"
::1 2023/10/7 GET /media/Cr7%20vs%20Goat.mp4 304"
::1 2023/10/7 GET /media/Cr7%20vs%20Goat.mp4 206"
::1 2023/10/7 GET /styles.scripts/player.css 304"
::1 2023/10/7 GET /media/Cr7%20vs%20Goat.mp4 304"
::1 2023/10/7 GET /header 304"
::1 2023/10/7 GET /media/Cr7%20vs%20Goat.mp4 304"
::1 2023/10/7 GET /media/Cr7%20vs%20Goat.mp4 304"
::1 2023/10/7 GET /media/Cr7%20vs%20Goat.mp4 206"
::1 2023/10/7 GET /media/Cr7%20vs%20Goat.mp4 304"
::1 2023/10/7 GET /media/Cr7%20vs%20Goat.mp4 304"
::1 2023/10/7 GET /media/Cr7%20vs%20Goat.mp4 206"
::1 2023/10/7 GET /media/Cr7%20vs%20Goat.mp4 304"
::1 2023/10/7 GET /media/Cr7%20vs%20Goat.mp4 304"
::1 2023/10/7 GET /media/Cr7%20vs%20Goat.mp4 206"
::1 2023/10/7 GET /media/Cr7%20vs%20Goat.mp4 304"
::1 2023/10/7 GET /media/Cr7%20vs%20Goat.mp4 304"
::1 2023/10/7 GET /media/Cr7%20vs%20Goat.mp4 206"
::1 2023/10/7 GET /media/Cr7%20vs%20Goat.mp4 304"
::1 2023/10/7 GET /media/Cr7%20vs%20Goat.mp4 304"
::1 2023/10/7 GET /media/Cr7%20vs%20Goat.mp4 -"
::1 2023/10/7 GET /media/Cr7%20vs%20Goat.mp4 304"
::1 2023/10/7 GET /media/Cr7%20vs%20Goat.mp4 304"
::1 2023/10/7 GET /media/Cr7%20vs%20Goat.mp4 206"
::1 2023/10/7 GET /media/Cr7%20vs%20Goat.mp4 304"
::1 2023/10/7 GET /media/Cr7%20vs%20Goat.mp4 304"
::1 2023/10/7 GET /media/Cr7%20vs%20Goat.mp4 -"
::1 2023/10/7 GET /media/Cr7%20vs%20Goat.mp4 304"
::1 2023/10/7 GET /media/Cr7%20vs%20Goat.mp4 304"
::1 2023/10/7 GET /media/Cr7%20vs%20Goat.mp4 206"
::1 2023/10/7 GET /media/Cr7%20vs%20Goat.mp4 304"
::1 2023/10/7 GET /media/Cr7%20vs%20Goat.mp4 304"
::1 2023/10/7 GET /media/Cr7%20vs%20Goat.mp4 304"
::1 2023/10/7 GET /media/Cr7%20vs%20Goat.mp4 304"
::1 2023/10/7 GET /media/Cr7%20vs%20Goat.mp4 304"
::1 2023/10/7 GET /media/Cr7%20vs%20Goat.mp4 304"
::1 2023/10/7 GET /media/Cr7%20vs%20Goat.mp4 304"
::1 2023/10/7 GET /media/Cr7%20vs%20Goat.mp4 304"
::1 2023/10/7 GET /media/Cr7%20vs%20Goat.mp4 304"
::1 2023/10/7 GET /media/Cr7%20vs%20Goat.mp4 304"
::1 2023/10/7 GET /media/Cr7%20vs%20Goat.mp4 304"
::1 2023/10/7 GET /media/Cr7%20vs%20Goat.mp4 304"
::1 2023/10/7 GET /media/Cr7%20vs%20Goat.mp4 304"
::1 2023/10/7 GET /media/Cr7%20vs%20Goat.mp4 304"
::1 2023/10/7 GET /media/Cr7%20vs%20Goat.mp4 304"
::1 2023/10/7 GET /media/Cr7%20vs%20Goat.mp4 304"
::1 2023/10/7 GET /media/Cr7%20vs%20Goat.mp4 304"
::1 2023/10/7 GET /media/Cr7%20vs%20Goat.mp4 304"
::1 2023/10/7 GET /media/Cr7%20vs%20Goat.mp4 304"
::1 2023/10/7 GET /media/Cr7%20vs%20Goat.mp4 304"
::1 2023/10/7 GET /media/Cr7%20vs%20Goat.mp4 304"
::1 2023/10/7 GET /media/Cr7%20vs%20Goat.mp4 304"
::1 2023/10/7 GET /media/Cr7%20vs%20Goat.mp4 304"
::1 2023/10/7 GET /media/Cr7%20vs%20Goat.mp4 304"
::1 2023/10/7 GET /media/Cr7%20vs%20Goat.mp4 304"
::1 2023/10/7 GET /media/Cr7%20vs%20Goat.mp4 304"
::1 2023/10/7 GET /media/Cr7%20vs%20Goat.mp4 304"
::1 2023/10/7 GET /media/Cr7%20vs%20Goat.mp4 304"
::1 2023/10/7 GET /media/Cr7%20vs%20Goat.mp4 304"
::1 2023/10/7 GET /media/Cr7%20vs%20Goat.mp4 304"
::1 2023/10/7 GET /media/Cr7%20vs%20Goat.mp4 304"
::1 2023/10/7 GET /media/Cr7%20vs%20Goat.mp4 304"
::1 2023/10/7 GET /media/Cr7%20vs%20Goat.mp4 304"
::1 2023/10/7 GET /media/Cr7%20vs%20Goat.mp4 304"
::1 2023/10/7 GET /media/Cr7%20vs%20Goat.mp4 304"
::1 2023/10/7 GET /media/Cr7%20vs%20Goat.mp4 304"
::1 2023/10/7 GET /media/Cr7%20vs%20Goat.mp4 304"
::1 2023/10/7 GET /media/Cr7%20vs%20Goat.mp4 304"
::1 2023/10/7 GET /media_player?v=Cr7%20vs%20Goat.mp4 200"
::1 2023/10/7 GET /styles.scripts/player.css 304"
::1 2023/10/7 GET /media/Cr7%20vs%20Goat.mp4 304"
::1 2023/10/7 GET /header 304"
::1 2023/10/7 GET /media/Cr7%20vs%20Goat.mp4 304"
::1 2023/10/7 GET /media/Cr7%20vs%20Goat.mp4 304"
::1 2023/10/7 GET /media/Cr7%20vs%20Goat.mp4 304"
::1 2023/10/7 GET /media/Cr7%20vs%20Goat.mp4 304"
::1 2023/10/7 GET /media/Cr7%20vs%20Goat.mp4 304"
::1 2023/10/7 GET /media/Cr7%20vs%20Goat.mp4 304"
::1 2023/10/7 GET /media/Cr7%20vs%20Goat.mp4 304"
::1 2023/10/7 GET /media/Cr7%20vs%20Goat.mp4 304"
::1 2023/10/7 GET /media/Cr7%20vs%20Goat.mp4 304"
::1 2023/10/7 GET /media/Cr7%20vs%20Goat.mp4 304"
::1 2023/10/7 GET /media/Cr7%20vs%20Goat.mp4 304"
::1 2023/10/7 GET /media/Cr7%20vs%20Goat.mp4 304"
::1 2023/10/7 GET /media/Cr7%20vs%20Goat.mp4 304"
::1 2023/10/7 GET /media/ 200"
::1 2023/10/7 GET /styles.scripts/media.css 304"
::1 2023/10/7 GET /thumbnails/adhil.mp4.png 304"
::1 2023/10/7 GET /thumbnails/charm.mp4.png 304"
::1 2023/10/7 GET /thumbnails/Cr7%20vs%20Goat.mp4.png 304"
::1 2023/10/7 GET /thumbnails/what.mp4.png 304"
::1 2023/10/7 GET /thumbnails/goku%20says%20____.mp4.png 304"
::1 2023/10/7 GET /thumbnails/hang%20that%20____.mp4.png 304"
::1 2023/10/7 GET /thumbnails/i-wont-come-back.mp4.png 304"
::1 2023/10/7 GET /media/desktop-wallpaper-gojo-satoru-action-figure-art.jpg 304"
::1 2023/10/7 GET /header 304"
::1 2023/10/7 GET /media/image_2023-09-09_140706988.png 304"
::1 2023/10/7 GET /media/mcmc.png 304"
::1 2023/10/7 GET /media/messi&ronaldo.jpg 304"
::1 2023/10/7 GET /media/pfp.jpg 304"
::1 2023/10/7 GET /media/ronaldo&messi.jpg 304"
::1 2023/10/7 GET /media/ronaldo&messi.png 304"
::1 2023/10/7 GET /media/tae.jpg 304"
::1 2023/10/7 GET /styles.scripts/media.css 304"
::1 2023/10/7 GET /media_player?v=adhil.mp4 200"
::1 2023/10/7 GET /styles.scripts/player.css 304"
::1 2023/10/7 GET /media/adhil.mp4 304"
::1 2023/10/7 GET /header 304"
::1 2023/10/7 GET /media_player?v=charm.mp4 200"
::1 2023/10/7 GET /styles.scripts/player.css 304"
::1 2023/10/7 GET /media/charm.mp4 304"
::1 2023/10/7 GET /header 304"
::1 2023/10/7 GET /media_player?v=charm.mp4 200"
::1 2023/10/7 GET /styles.scripts/player.css 304"
::1 2023/10/7 GET /header 304"
::1 2023/10/7 GET /styles.scripts/player.css 304"
::1 2023/10/7 GET /media_player?v=charm.mp4 200"
::1 2023/10/7 GET /styles.scripts/player.css 304"
::1 2023/10/7 GET /media/charm.mp4 304"
::1 2023/10/7 GET /header 304"
::1 2023/10/7 GET /media_player?v=charm.mp4 200"
::1 2023/10/7 GET /styles.scripts/player.css 304"
::1 2023/10/7 GET /header 304"
::1 2023/10/7 GET /media/ 200"
::1 2023/10/7 GET /styles.scripts/media.css 304"
::1 2023/10/7 GET /thumbnails/adhil.mp4.png 304"
::1 2023/10/7 GET /thumbnails/charm.mp4.png 304"
::1 2023/10/7 GET /thumbnails/Cr7%20vs%20Goat.mp4.png 304"
::1 2023/10/7 GET /thumbnails/goku%20says%20____.mp4.png 304"
::1 2023/10/7 GET /thumbnails/hang%20that%20____.mp4.png 304"
::1 2023/10/7 GET /thumbnails/i-wont-come-back.mp4.png 304"
::1 2023/10/7 GET /media/mcmc.png 304"
::1 2023/10/7 GET /media/ronaldo&messi.jpg 304"
::1 2023/10/7 GET /media/tae.jpg 304"
::1 2023/10/7 GET /thumbnails/what.mp4.png 304"
::1 2023/10/7 GET /media/ronaldo&messi.png 304"
::1 2023/10/7 GET /media/pfp.jpg 304"
::1 2023/10/7 GET /media/image_2023-09-09_140706988.png 304"
::1 2023/10/7 GET /media/messi&ronaldo.jpg 304"
::1 2023/10/7 GET /media/desktop-wallpaper-gojo-satoru-action-figure-art.jpg 304"
::1 2023/10/7 GET /header 304"
::1 2023/10/7 GET /media/ 200"
::1 2023/10/7 GET /styles.scripts/media.css 200"
::1 2023/10/7 GET /thumbnails/adhil.mp4.png 304"
::1 2023/10/7 GET /thumbnails/charm.mp4.png 304"
::1 2023/10/7 GET /thumbnails/Cr7%20vs%20Goat.mp4.png 304"
::1 2023/10/7 GET /thumbnails/goku%20says%20____.mp4.png 304"
::1 2023/10/7 GET /thumbnails/hang%20that%20____.mp4.png 304"
::1 2023/10/7 GET /thumbnails/i-wont-come-back.mp4.png 304"
::1 2023/10/7 GET /thumbnails/what.mp4.png 304"
::1 2023/10/7 GET /media/desktop-wallpaper-gojo-satoru-action-figure-art.jpg 304"
::1 2023/10/7 GET /media/image_2023-09-09_140706988.png 304"
::1 2023/10/7 GET /media/mcmc.png 304"
::1 2023/10/7 GET /media/messi&ronaldo.jpg 304"
::1 2023/10/7 GET /media/pfp.jpg 304"
::1 2023/10/7 GET /media/ronaldo&messi.jpg 304"
::1 2023/10/7 GET /media/ronaldo&messi.png 304"
::1 2023/10/7 GET /media/tae.jpg 304"
::1 2023/10/7 GET /header 304"
::1 2023/10/7 GET /media/ 200"
::1 2023/10/7 GET /thumbnails/adhil.mp4.png 304"
::1 2023/10/7 GET /styles.scripts/media.css 200"
::1 2023/10/7 GET /thumbnails/charm.mp4.png 304"
::1 2023/10/7 GET /thumbnails/i-wont-come-back.mp4.png 304"
::1 2023/10/7 GET /thumbnails/Cr7%20vs%20Goat.mp4.png 304"
::1 2023/10/7 GET /thumbnails/goku%20says%20____.mp4.png 304"
::1 2023/10/7 GET /thumbnails/hang%20that%20____.mp4.png 304"
::1 2023/10/7 GET /thumbnails/what.mp4.png 304"
::1 2023/10/7 GET /media/desktop-wallpaper-gojo-satoru-action-figure-art.jpg 304"
::1 2023/10/7 GET /media/image_2023-09-09_140706988.png 304"
::1 2023/10/7 GET /header 304"
::1 2023/10/7 GET /media/mcmc.png 304"
::1 2023/10/7 GET /media/messi&ronaldo.jpg 304"
::1 2023/10/7 GET /media/pfp.jpg 304"
::1 2023/10/7 GET /media/ronaldo&messi.jpg 304"
::1 2023/10/7 GET /media/ronaldo&messi.png 304"
::1 2023/10/7 GET /media/tae.jpg 304"
::1 2023/10/7 GET /media/ 200"
::1 2023/10/7 GET /styles.scripts/media.css 200"
::1 2023/10/7 GET /thumbnails/adhil.mp4.png 304"
::1 2023/10/7 GET /thumbnails/charm.mp4.png 304"
::1 2023/10/7 GET /thumbnails/Cr7%20vs%20Goat.mp4.png 304"
::1 2023/10/7 GET /thumbnails/goku%20says%20____.mp4.png 304"
::1 2023/10/7 GET /thumbnails/hang%20that%20____.mp4.png 304"
::1 2023/10/7 GET /thumbnails/i-wont-come-back.mp4.png 304"
::1 2023/10/7 GET /thumbnails/what.mp4.png 304"
::1 2023/10/7 GET /header 304"
::1 2023/10/7 GET /media/image_2023-09-09_140706988.png 304"
::1 2023/10/7 GET /media/messi&ronaldo.jpg 304"
::1 2023/10/7 GET /media/desktop-wallpaper-gojo-satoru-action-figure-art.jpg 304"
::1 2023/10/7 GET /media/tae.jpg 304"
::1 2023/10/7 GET /media/mcmc.png 304"
::1 2023/10/7 GET /media/pfp.jpg 304"
::1 2023/10/7 GET /media/ronaldo&messi.jpg 304"
::1 2023/10/7 GET /media/ronaldo&messi.png 304"
::1 2023/10/7 GET /media/ 200"
::1 2023/10/7 GET /thumbnails/hang%20that%20____.mp4.png 304"
::1 2023/10/7 GET /thumbnails/adhil.mp4.png 304"
::1 2023/10/7 GET /thumbnails/charm.mp4.png 304"
::1 2023/10/7 GET /thumbnails/Cr7%20vs%20Goat.mp4.png 304"
::1 2023/10/7 GET /thumbnails/goku%20says%20____.mp4.png 304"
::1 2023/10/7 GET /styles.scripts/media.css 200"
::1 2023/10/7 GET /thumbnails/i-wont-come-back.mp4.png 304"
::1 2023/10/7 GET /thumbnails/what.mp4.png 304"
::1 2023/10/7 GET /media/desktop-wallpaper-gojo-satoru-action-figure-art.jpg 304"
::1 2023/10/7 GET /media/image_2023-09-09_140706988.png 304"
::1 2023/10/7 GET /media/mcmc.png 304"
::1 2023/10/7 GET /media/messi&ronaldo.jpg 304"
::1 2023/10/7 GET /media/pfp.jpg 304"
::1 2023/10/7 GET /media/ronaldo&messi.jpg 304"
::1 2023/10/7 GET /media/ronaldo&messi.png 304"
::1 2023/10/7 GET /media/tae.jpg 304"
::1 2023/10/7 GET /header 304"
::1 2023/10/7 GET /media/ 200"
::1 2023/10/7 GET /styles.scripts/media.css 200"
::1 2023/10/7 GET /thumbnails/adhil.mp4.png 304"
::1 2023/10/7 GET /thumbnails/charm.mp4.png 304"
::1 2023/10/7 GET /thumbnails/Cr7%20vs%20Goat.mp4.png 304"
::1 2023/10/7 GET /thumbnails/goku%20says%20____.mp4.png 304"
::1 2023/10/7 GET /thumbnails/hang%20that%20____.mp4.png 304"
::1 2023/10/7 GET /thumbnails/i-wont-come-back.mp4.png 304"
::1 2023/10/7 GET /thumbnails/what.mp4.png 304"
::1 2023/10/7 GET /media/desktop-wallpaper-gojo-satoru-action-figure-art.jpg 304"
::1 2023/10/7 GET /media/image_2023-09-09_140706988.png 304"
::1 2023/10/7 GET /media/mcmc.png 304"
::1 2023/10/7 GET /media/messi&ronaldo.jpg 304"
::1 2023/10/7 GET /media/pfp.jpg 304"
::1 2023/10/7 GET /media/ronaldo&messi.jpg 304"
::1 2023/10/7 GET /media/ronaldo&messi.png 304"
::1 2023/10/7 GET /media/tae.jpg 304"
::1 2023/10/7 GET /header 304"
::1 2023/10/7 GET /styles.scripts/media.css 304"
::1 2023/10/7 GET /media/ 200"
::1 2023/10/7 GET /styles.scripts/media.css 200"
::1 2023/10/7 GET /thumbnails/adhil.mp4.png 304"
::1 2023/10/7 GET /thumbnails/charm.mp4.png 304"
::1 2023/10/7 GET /thumbnails/Cr7%20vs%20Goat.mp4.png 304"
::1 2023/10/7 GET /thumbnails/goku%20says%20____.mp4.png 304"
::1 2023/10/7 GET /thumbnails/hang%20that%20____.mp4.png 304"
::1 2023/10/7 GET /thumbnails/i-wont-come-back.mp4.png 304"
::1 2023/10/7 GET /thumbnails/what.mp4.png 304"
::1 2023/10/7 GET /media/desktop-wallpaper-gojo-satoru-action-figure-art.jpg 304"
::1 2023/10/7 GET /media/image_2023-09-09_140706988.png 304"
::1 2023/10/7 GET /media/mcmc.png 304"
::1 2023/10/7 GET /media/messi&ronaldo.jpg 304"
::1 2023/10/7 GET /header 304"
::1 2023/10/7 GET /media/pfp.jpg 304"
::1 2023/10/7 GET /media/ronaldo&messi.jpg 304"
::1 2023/10/7 GET /media/ronaldo&messi.png 304"
::1 2023/10/7 GET /media/tae.jpg 304"
::1 2023/10/7 GET /media/ 200"
::1 2023/10/7 GET /thumbnails/adhil.mp4.png 304"
::1 2023/10/7 GET /styles.scripts/media.css 200"
::1 2023/10/7 GET /thumbnails/charm.mp4.png 304"
::1 2023/10/7 GET /thumbnails/Cr7%20vs%20Goat.mp4.png 304"
::1 2023/10/7 GET /thumbnails/goku%20says%20____.mp4.png 304"
::1 2023/10/7 GET /thumbnails/hang%20that%20____.mp4.png 304"
::1 2023/10/7 GET /thumbnails/what.mp4.png 304"
::1 2023/10/7 GET /thumbnails/i-wont-come-back.mp4.png 304"
::1 2023/10/7 GET /media/desktop-wallpaper-gojo-satoru-action-figure-art.jpg 304"
::1 2023/10/7 GET /media/image_2023-09-09_140706988.png 304"
::1 2023/10/7 GET /media/mcmc.png 304"
::1 2023/10/7 GET /media/messi&ronaldo.jpg 304"
::1 2023/10/7 GET /media/pfp.jpg 304"
::1 2023/10/7 GET /media/ronaldo&messi.jpg 304"
::1 2023/10/7 GET /media/ronaldo&messi.png 304"
::1 2023/10/7 GET /header 304"
::1 2023/10/7 GET /media/tae.jpg 304"
::1 2023/10/7 GET /media/ 200"
::1 2023/10/7 GET /thumbnails/adhil.mp4.png 304"
::1 2023/10/7 GET /styles.scripts/media.css 200"
::1 2023/10/7 GET /thumbnails/charm.mp4.png 304"
::1 2023/10/7 GET /thumbnails/Cr7%20vs%20Goat.mp4.png 304"
::1 2023/10/7 GET /thumbnails/goku%20says%20____.mp4.png 304"
::1 2023/10/7 GET /thumbnails/hang%20that%20____.mp4.png 304"
::1 2023/10/7 GET /thumbnails/i-wont-come-back.mp4.png 304"
::1 2023/10/7 GET /thumbnails/what.mp4.png 304"
::1 2023/10/7 GET /media/desktop-wallpaper-gojo-satoru-action-figure-art.jpg 304"
::1 2023/10/7 GET /media/image_2023-09-09_140706988.png 304"
::1 2023/10/7 GET /media/mcmc.png 304"
::1 2023/10/7 GET /media/messi&ronaldo.jpg 304"
::1 2023/10/7 GET /media/pfp.jpg 304"
::1 2023/10/7 GET /media/ronaldo&messi.jpg 304"
::1 2023/10/7 GET /media/ronaldo&messi.png 304"
::1 2023/10/7 GET /media/tae.jpg 304"
::1 2023/10/7 GET /header 304"
::1 2023/10/7 GET /media/ 200"
::1 2023/10/7 GET /styles.scripts/media.css 200"
::1 2023/10/7 GET /thumbnails/adhil.mp4.png 304"
::1 2023/10/7 GET /thumbnails/charm.mp4.png 304"
::1 2023/10/7 GET /thumbnails/Cr7%20vs%20Goat.mp4.png 304"
::1 2023/10/7 GET /thumbnails/goku%20says%20____.mp4.png 304"
::1 2023/10/7 GET /thumbnails/hang%20that%20____.mp4.png 304"
::1 2023/10/7 GET /thumbnails/i-wont-come-back.mp4.png 304"
::1 2023/10/7 GET /thumbnails/what.mp4.png 304"
::1 2023/10/7 GET /media/desktop-wallpaper-gojo-satoru-action-figure-art.jpg 304"
::1 2023/10/7 GET /media/image_2023-09-09_140706988.png 304"
::1 2023/10/7 GET /media/mcmc.png 304"
::1 2023/10/7 GET /media/messi&ronaldo.jpg 304"
::1 2023/10/7 GET /media/pfp.jpg 304"
::1 2023/10/7 GET /media/ronaldo&messi.jpg 304"
::1 2023/10/7 GET /media/ronaldo&messi.png 304"
::1 2023/10/7 GET /media/tae.jpg 304"
::1 2023/10/7 GET /header 304"
::1 2023/10/7 GET /media/ 200"
::1 2023/10/7 GET /thumbnails/adhil.mp4.png 304"
::1 2023/10/7 GET /styles.scripts/media.css 200"
::1 2023/10/7 GET /thumbnails/charm.mp4.png 304"
::1 2023/10/7 GET /thumbnails/hang%20that%20____.mp4.png 304"
::1 2023/10/7 GET /thumbnails/Cr7%20vs%20Goat.mp4.png 304"
::1 2023/10/7 GET /thumbnails/goku%20says%20____.mp4.png 304"
::1 2023/10/7 GET /thumbnails/i-wont-come-back.mp4.png 304"
::1 2023/10/7 GET /thumbnails/what.mp4.png 304"
::1 2023/10/7 GET /media/desktop-wallpaper-gojo-satoru-action-figure-art.jpg 304"
::1 2023/10/7 GET /media/image_2023-09-09_140706988.png 304"
::1 2023/10/7 GET /header 304"
::1 2023/10/7 GET /media/mcmc.png 304"
::1 2023/10/7 GET /media/messi&ronaldo.jpg 304"
::1 2023/10/7 GET /media/pfp.jpg 304"
::1 2023/10/7 GET /media/ronaldo&messi.jpg 304"
::1 2023/10/7 GET /media/ronaldo&messi.png 304"
::1 2023/10/7 GET /media/tae.jpg 304"
::1 2023/10/7 GET /media/ 200"
::1 2023/10/7 GET /thumbnails/adhil.mp4.png 304"
::1 2023/10/7 GET /styles.scripts/media.css 200"
::1 2023/10/7 GET /thumbnails/charm.mp4.png 304"
::1 2023/10/7 GET /thumbnails/Cr7%20vs%20Goat.mp4.png 304"
::1 2023/10/7 GET /thumbnails/goku%20says%20____.mp4.png 304"
::1 2023/10/7 GET /thumbnails/hang%20that%20____.mp4.png 304"
::1 2023/10/7 GET /thumbnails/i-wont-come-back.mp4.png 304"
::1 2023/10/7 GET /thumbnails/what.mp4.png 304"
::1 2023/10/7 GET /media/desktop-wallpaper-gojo-satoru-action-figure-art.jpg 304"
::1 2023/10/7 GET /media/image_2023-09-09_140706988.png 304"
::1 2023/10/7 GET /media/mcmc.png 304"
::1 2023/10/7 GET /media/messi&ronaldo.jpg 304"
::1 2023/10/7 GET /media/pfp.jpg 304"
::1 2023/10/7 GET /media/ronaldo&messi.jpg 304"
::1 2023/10/7 GET /media/ronaldo&messi.png 304"
::1 2023/10/7 GET /media/tae.jpg 304"
::1 2023/10/7 GET /header 304"
::1 2023/10/7 GET /media/ 200"
::1 2023/10/7 GET /styles.scripts/media.css 200"
::1 2023/10/7 GET /thumbnails/adhil.mp4.png 304"
::1 2023/10/7 GET /thumbnails/charm.mp4.png 304"
::1 2023/10/7 GET /thumbnails/Cr7%20vs%20Goat.mp4.png 304"
::1 2023/10/7 GET /thumbnails/goku%20says%20____.mp4.png 304"
::1 2023/10/7 GET /thumbnails/hang%20that%20____.mp4.png 304"
::1 2023/10/7 GET /thumbnails/i-wont-come-back.mp4.png 304"
::1 2023/10/7 GET /thumbnails/what.mp4.png 304"
::1 2023/10/7 GET /media/desktop-wallpaper-gojo-satoru-action-figure-art.jpg 304"
::1 2023/10/7 GET /header 304"
::1 2023/10/7 GET /media/image_2023-09-09_140706988.png 304"
::1 2023/10/7 GET /media/mcmc.png 304"
::1 2023/10/7 GET /media/messi&ronaldo.jpg 304"
::1 2023/10/7 GET /media/pfp.jpg 304"
::1 2023/10/7 GET /media/ronaldo&messi.jpg 304"
::1 2023/10/7 GET /media/ronaldo&messi.png 304"
::1 2023/10/7 GET /media/tae.jpg 304"
::1 2023/10/7 GET /media/ 200"
::1 2023/10/7 GET /styles.scripts/media.css 304"
::1 2023/10/7 GET /thumbnails/adhil.mp4.png 304"
::1 2023/10/7 GET /thumbnails/charm.mp4.png 304"
::1 2023/10/7 GET /thumbnails/Cr7%20vs%20Goat.mp4.png 304"
::1 2023/10/7 GET /thumbnails/goku%20says%20____.mp4.png 304"
::1 2023/10/7 GET /thumbnails/hang%20that%20____.mp4.png 304"
::1 2023/10/7 GET /thumbnails/i-wont-come-back.mp4.png 304"
::1 2023/10/7 GET /thumbnails/what.mp4.png 304"
::1 2023/10/7 GET /media/mcmc.png 304"
::1 2023/10/7 GET /media/image_2023-09-09_140706988.png 304"
::1 2023/10/7 GET /media/pfp.jpg 304"
::1 2023/10/7 GET /media/ronaldo&messi.png 304"
::1 2023/10/7 GET /media/ronaldo&messi.jpg 304"
::1 2023/10/7 GET /media/desktop-wallpaper-gojo-satoru-action-figure-art.jpg 304"
::1 2023/10/7 GET /media/tae.jpg 304"
::1 2023/10/7 GET /media/messi&ronaldo.jpg 304"
::1 2023/10/7 GET /header 200"
::1 2023/10/7 GET /media/ 200"
::1 2023/10/7 GET /styles.scripts/media.css 304"
::1 2023/10/7 GET /thumbnails/adhil.mp4.png 304"
::1 2023/10/7 GET /thumbnails/charm.mp4.png 304"
::1 2023/10/7 GET /thumbnails/Cr7%20vs%20Goat.mp4.png 304"
::1 2023/10/7 GET /thumbnails/goku%20says%20____.mp4.png 304"
::1 2023/10/7 GET /thumbnails/hang%20that%20____.mp4.png 304"
::1 2023/10/7 GET /thumbnails/i-wont-come-back.mp4.png 304"
::1 2023/10/7 GET /thumbnails/what.mp4.png 304"
::1 2023/10/7 GET /media/desktop-wallpaper-gojo-satoru-action-figure-art.jpg 304"
::1 2023/10/7 GET /header 200"
::1 2023/10/7 GET /media/image_2023-09-09_140706988.png 304"
::1 2023/10/7 GET /media/mcmc.png 304"
::1 2023/10/7 GET /media/messi&ronaldo.jpg 304"
::1 2023/10/7 GET /media/pfp.jpg 304"
::1 2023/10/7 GET /media/ronaldo&messi.jpg 304"
::1 2023/10/7 GET /media/ronaldo&messi.png 304"
::1 2023/10/7 GET /media/tae.jpg 304"
::1 2023/10/7 GET /media/ 200"
::1 2023/10/7 GET /styles.scripts/media.css 304"
::1 2023/10/7 GET /thumbnails/adhil.mp4.png 304"
::1 2023/10/7 GET /thumbnails/charm.mp4.png 304"
::1 2023/10/7 GET /thumbnails/Cr7%20vs%20Goat.mp4.png 304"
::1 2023/10/7 GET /thumbnails/goku%20says%20____.mp4.png 304"
::1 2023/10/7 GET /thumbnails/hang%20that%20____.mp4.png 304"
::1 2023/10/7 GET /thumbnails/i-wont-come-back.mp4.png 304"
::1 2023/10/7 GET /thumbnails/what.mp4.png 304"
::1 2023/10/7 GET /media/mcmc.png 304"
::1 2023/10/7 GET /media/image_2023-09-09_140706988.png 304"
::1 2023/10/7 GET /media/pfp.jpg 304"
::1 2023/10/7 GET /media/ronaldo&messi.png 304"
::1 2023/10/7 GET /header 200"
::1 2023/10/7 GET /media/ronaldo&messi.jpg 304"
::1 2023/10/7 GET /media/desktop-wallpaper-gojo-satoru-action-figure-art.jpg 304"
::1 2023/10/7 GET /media/tae.jpg 304"
::1 2023/10/7 GET /media/messi&ronaldo.jpg 304"
::1 2023/10/7 GET /media/ 200"
::1 2023/10/7 GET /styles.scripts/media.css 304"
::1 2023/10/7 GET /thumbnails/adhil.mp4.png 304"
::1 2023/10/7 GET /thumbnails/charm.mp4.png 304"
::1 2023/10/7 GET /thumbnails/Cr7%20vs%20Goat.mp4.png 304"
::1 2023/10/7 GET /thumbnails/goku%20says%20____.mp4.png 304"
::1 2023/10/7 GET /thumbnails/hang%20that%20____.mp4.png 304"
::1 2023/10/7 GET /thumbnails/i-wont-come-back.mp4.png 304"
::1 2023/10/7 GET /thumbnails/what.mp4.png 304"
::1 2023/10/7 GET /media/desktop-wallpaper-gojo-satoru-action-figure-art.jpg 304"
::1 2023/10/7 GET /media/image_2023-09-09_140706988.png 304"
::1 2023/10/7 GET /media/mcmc.png 304"
::1 2023/10/7 GET /media/messi&ronaldo.jpg 304"
::1 2023/10/7 GET /media/pfp.jpg 304"
::1 2023/10/7 GET /media/ronaldo&messi.jpg 304"
::1 2023/10/7 GET /media/ronaldo&messi.png 304"
::1 2023/10/7 GET /media/tae.jpg 304"
::1 2023/10/7 GET /header 200"
::1 2023/10/7 GET /media/ 200"
::1 2023/10/7 GET /styles.scripts/media.css 304"
::1 2023/10/7 GET /thumbnails/adhil.mp4.png 304"
::1 2023/10/7 GET /thumbnails/charm.mp4.png 304"
::1 2023/10/7 GET /thumbnails/Cr7%20vs%20Goat.mp4.png 304"
::1 2023/10/7 GET /thumbnails/hang%20that%20____.mp4.png 304"
::1 2023/10/7 GET /thumbnails/goku%20says%20____.mp4.png 304"
::1 2023/10/7 GET /thumbnails/i-wont-come-back.mp4.png 304"
::1 2023/10/7 GET /thumbnails/what.mp4.png 304"
::1 2023/10/7 GET /header 200"
::1 2023/10/7 GET /media/desktop-wallpaper-gojo-satoru-action-figure-art.jpg 304"
::1 2023/10/7 GET /media/image_2023-09-09_140706988.png 304"
::1 2023/10/7 GET /media/mcmc.png 304"
::1 2023/10/7 GET /media/messi&ronaldo.jpg 304"
::1 2023/10/7 GET /media/pfp.jpg 304"
::1 2023/10/7 GET /media/ronaldo&messi.jpg 304"
::1 2023/10/7 GET /media/ronaldo&messi.png 304"
::1 2023/10/7 GET /media/tae.jpg 304"
::1 2023/10/7 GET /media/ 200"
::1 2023/10/7 GET /styles.scripts/media.css 304"
::1 2023/10/7 GET /thumbnails/Cr7%20vs%20Goat.mp4.png 304"
::1 2023/10/7 GET /thumbnails/adhil.mp4.png 304"
::1 2023/10/7 GET /thumbnails/charm.mp4.png 304"
::1 2023/10/7 GET /thumbnails/goku%20says%20____.mp4.png 304"
::1 2023/10/7 GET /thumbnails/hang%20that%20____.mp4.png 304"
::1 2023/10/7 GET /thumbnails/i-wont-come-back.mp4.png 304"
::1 2023/10/7 GET /thumbnails/what.mp4.png 304"
::1 2023/10/7 GET /media/mcmc.png 304"
::1 2023/10/7 GET /media/image_2023-09-09_140706988.png 304"
::1 2023/10/7 GET /media/pfp.jpg 304"
::1 2023/10/7 GET /media/ronaldo&messi.png 304"
::1 2023/10/7 GET /media/ronaldo&messi.jpg 304"
::1 2023/10/7 GET /media/desktop-wallpaper-gojo-satoru-action-figure-art.jpg 304"
::1 2023/10/7 GET /media/tae.jpg 304"
::1 2023/10/7 GET /media/messi&ronaldo.jpg 304"
::1 2023/10/7 GET /header 200"
::1 2023/10/7 GET /media_player?v=charm.mp4 200"
::1 2023/10/7 GET /styles.scripts/player.css 304"
::1 2023/10/7 GET /media/charm.mp4 304"
::1 2023/10/7 GET /header 304"
::1 2023/10/7 GET / 200"
::1 2023/10/7 GET /styles.scripts/button.css 304"
::1 2023/10/7 GET /header 304"
::1 2023/10/7 GET /media/ 200"
::1 2023/10/7 GET /styles.scripts/media.css 304"
::1 2023/10/7 GET /thumbnails/adhil.mp4.png 304"
::1 2023/10/7 GET /thumbnails/charm.mp4.png 304"
::1 2023/10/7 GET /thumbnails/Cr7%20vs%20Goat.mp4.png 304"
::1 2023/10/7 GET /thumbnails/goku%20says%20____.mp4.png 304"
::1 2023/10/7 GET /thumbnails/i-wont-come-back.mp4.png 304"
::1 2023/10/7 GET /thumbnails/hang%20that%20____.mp4.png 304"
::1 2023/10/7 GET /thumbnails/what.mp4.png 304"
::1 2023/10/7 GET /media/desktop-wallpaper-gojo-satoru-action-figure-art.jpg 304"
::1 2023/10/7 GET /media/image_2023-09-09_140706988.png 304"
::1 2023/10/7 GET /media/mcmc.png 304"
::1 2023/10/7 GET /media/messi&ronaldo.jpg 304"
::1 2023/10/7 GET /media/pfp.jpg 304"
::1 2023/10/7 GET /media/ronaldo&messi.jpg 304"
::1 2023/10/7 GET /media/ronaldo&messi.png 304"
::1 2023/10/7 GET /media/tae.jpg 304"
::1 2023/10/7 GET /header 304"
::1 2023/10/7 GET /media/ 200"
::1 2023/10/7 GET /styles.scripts/media.css 304"
::1 2023/10/7 GET /thumbnails/adhil.mp4.png 304"
::1 2023/10/7 GET /thumbnails/i-wont-come-back.mp4.png 304"
::1 2023/10/7 GET /thumbnails/charm.mp4.png 304"
::1 2023/10/7 GET /thumbnails/Cr7%20vs%20Goat.mp4.png 304"
::1 2023/10/7 GET /thumbnails/goku%20says%20____.mp4.png 304"
::1 2023/10/7 GET /thumbnails/hang%20that%20____.mp4.png 304"
::1 2023/10/7 GET /thumbnails/what.mp4.png 304"
::1 2023/10/7 GET /media/mcmc.png 304"
::1 2023/10/7 GET /media/image_2023-09-09_140706988.png 304"
::1 2023/10/7 GET /media/pfp.jpg 304"
::1 2023/10/7 GET /media/ronaldo&messi.png 304"
::1 2023/10/7 GET /media/ronaldo&messi.jpg 304"
::1 2023/10/7 GET /media/desktop-wallpaper-gojo-satoru-action-figure-art.jpg 304"
::1 2023/10/7 GET /media/tae.jpg 304"
::1 2023/10/7 GET /media/messi&ronaldo.jpg 304"
::1 2023/10/7 GET /header 304"
::1 2023/10/7 GET /media_player?v=adhil.mp4 200"
::1 2023/10/7 GET /styles.scripts/player.css 304"
::1 2023/10/7 GET /media/adhil.mp4 304"
::1 2023/10/7 GET /header 304"
::1 2023/10/7 GET /media/ 200"
::1 2023/10/7 GET /styles.scripts/media.css 304"
::1 2023/10/7 GET /thumbnails/adhil.mp4.png 304"
::1 2023/10/7 GET /thumbnails/charm.mp4.png 304"
::1 2023/10/7 GET /thumbnails/Cr7%20vs%20Goat.mp4.png 304"
::1 2023/10/7 GET /thumbnails/i-wont-come-back.mp4.png 304"
::1 2023/10/7 GET /thumbnails/what.mp4.png 304"
::1 2023/10/7 GET /media/desktop-wallpaper-gojo-satoru-action-figure-art.jpg 304"
::1 2023/10/7 GET /media/mcmc.png 304"
::1 2023/10/7 GET /media/image_2023-09-09_140706988.png 304"
::1 2023/10/7 GET /media/pfp.jpg 304"
::1 2023/10/7 GET /media/ronaldo&messi.png 304"
::1 2023/10/7 GET /media/ronaldo&messi.jpg 304"
::1 2023/10/7 GET /media/tae.jpg 304"
::1 2023/10/7 GET /media/messi&ronaldo.jpg 304"
::1 2023/10/7 GET /header 304"
